# JRE version: OpenJDK Runtime Environment (11.0.11) (build 11.0.11+0-b60-7590822)
# Java VM: OpenJDK 64-Bit Server VM (11.0.11+0-b60-7590822, mixed mode, tiered, compressed oops, g1 gc, linux-amd64)
Heap:
 garbage-first heap   total 186368K, used 128532K [0x0000000080000000, 0x0000000100000000)
  region size 1024K, 9 young (9216K), 5 survivors (5120K)
 Metaspace       used 107409K, capacity 109918K, committed 110748K, reserved 1144832K
  class space    used 13684K, capacity 14625K, committed 14828K, reserved 1048576K
GC Heap History (20 events):
Event: 31.967 GC heap before
{Heap before GC invocations=25 (full 0):
 garbage-first heap   total 186368K, used 144447K [0x0000000080000000, 0x0000000100000000)
  region size 1024K, 44 young (45056K), 4 survivors (4096K)
 Metaspace       used 94050K, capacity 96294K, committed 96540K, reserved 1132544K
  class space    used 12158K, capacity 12892K, committed 12908K, reserved 1048576K
}
Event: 31.990 GC heap after
{Heap after GC invocations=26 (full 0):
 garbage-first heap   total 186368K, used 107573K [0x0000000080000000, 0x0000000100000000)
  region size 1024K, 6 young (6144K), 6 survivors (6144K)
 Metaspace       used 94050K, capacity 96294K, committed 96540K, reserved 1132544K
  class space    used 12158K, capacity 12892K, committed 12908K, reserved 1048576K
}
Event: 35.540 GC heap before
{Heap before GC invocations=27 (full 0):
 garbage-first heap   total 186368K, used 147509K [0x0000000080000000, 0x0000000100000000)
  region size 1024K, 46 young (47104K), 6 survivors (6144K)
 Metaspace       used 98616K, capacity 100975K, committed 101404K, reserved 1136640K
  class space    used 12725K, capacity 13564K, committed 13676K, reserved 1048576K
}
Event: 35.576 GC heap after
{Heap after GC invocations=28 (full 0):
 garbage-first heap   total 186368K, used 110211K [0x0000000080000000, 0x0000000100000000)
  region size 1024K, 3 young (3072K), 3 survivors (3072K)
 Metaspace       used 98616K, capacity 100975K, committed 101404K, reserved 1136640K
  class space    used 12725K, capacity 13564K, committed 13676K, reserved 1048576K
}
Event: 41.077 GC heap before
{Heap before GC invocations=28 (full 0):
 garbage-first heap   total 186368K, used 150147K [0x0000000080000000, 0x0000000100000000)
  region size 1024K, 43 young (44032K), 3 survivors (3072K)
 Metaspace       used 99973K, capacity 102374K, committed 102556K, reserved 1138688K
  class space    used 12895K, capacity 13764K, committed 13804K, reserved 1048576K
}
Event: 41.093 GC heap after
{Heap after GC invocations=29 (full 0):
 garbage-first heap   total 186368K, used 113664K [0x0000000080000000, 0x0000000100000000)
  region size 1024K, 6 young (6144K), 6 survivors (6144K)
 Metaspace       used 99973K, capacity 102374K, committed 102556K, reserved 1138688K
  class space    used 12895K, capacity 13764K, committed 13804K, reserved 1048576K
}
Event: 53.476 GC heap before
{Heap before GC invocations=30 (full 0):
 garbage-first heap   total 186368K, used 152576K [0x0000000080000000, 0x0000000100000000)
  region size 1024K, 45 young (46080K), 6 survivors (6144K)
 Metaspace       used 100729K, capacity 103182K, committed 103452K, reserved 1138688K
  class space    used 12968K, capacity 13857K, committed 13932K, reserved 1048576K
}
Event: 53.500 GC heap after
{Heap after GC invocations=31 (full 0):
 garbage-first heap   total 186368K, used 116368K [0x0000000080000000, 0x0000000100000000)
  region size 1024K, 3 young (3072K), 3 survivors (3072K)
 Metaspace       used 100729K, capacity 103182K, committed 103452K, reserved 1138688K
  class space    used 12968K, capacity 13857K, committed 13932K, reserved 1048576K
}
Event: 54.832 GC heap before
{Heap before GC invocations=31 (full 0):
 garbage-first heap   total 186368K, used 154256K [0x0000000080000000, 0x0000000100000000)
  region size 1024K, 41 young (41984K), 3 survivors (3072K)
 Metaspace       used 101959K, capacity 104560K, committed 104860K, reserved 1140736K
  class space    used 13083K, capacity 14024K, committed 14060K, reserved 1048576K
}
Event: 54.854 GC heap after
{Heap after GC invocations=32 (full 0):
 garbage-first heap   total 186368K, used 119280K [0x0000000080000000, 0x0000000100000000)
  region size 1024K, 6 young (6144K), 6 survivors (6144K)
 Metaspace       used 101959K, capacity 104560K, committed 104860K, reserved 1140736K
  class space    used 13083K, capacity 14024K, committed 14060K, reserved 1048576K
}
Event: 56.911 GC heap before
{Heap before GC invocations=33 (full 0):
 garbage-first heap   total 186368K, used 156144K [0x0000000080000000, 0x0000000100000000)
  region size 1024K, 42 young (43008K), 6 survivors (6144K)
 Metaspace       used 105792K, capacity 108395K, committed 108572K, reserved 1142784K
  class space    used 13604K, capacity 14607K, committed 14700K, reserved 1048576K
}
Event: 56.929 GC heap after
{Heap after GC invocations=34 (full 0):
 garbage-first heap   total 186368K, used 120925K [0x0000000080000000, 0x0000000100000000)
  region size 1024K, 5 young (5120K), 5 survivors (5120K)
 Metaspace       used 105792K, capacity 108395K, committed 108572K, reserved 1142784K
  class space    used 13604K, capacity 14607K, committed 14700K, reserved 1048576K
}
Event: 167.481 GC heap before
{Heap before GC invocations=34 (full 0):
 garbage-first heap   total 186368K, used 156765K [0x0000000080000000, 0x0000000100000000)
  region size 1024K, 40 young (40960K), 5 survivors (5120K)
 Metaspace       used 107118K, capacity 109903K, committed 109980K, reserved 1144832K
  class space    used 13756K, capacity 14802K, committed 14828K, reserved 1048576K
}
Event: 167.501 GC heap after
{Heap after GC invocations=35 (full 0):
 garbage-first heap   total 186368K, used 122286K [0x0000000080000000, 0x0000000100000000)
  region size 1024K, 4 young (4096K), 4 survivors (4096K)
 Metaspace       used 107118K, capacity 109903K, committed 109980K, reserved 1144832K
  class space    used 13756K, capacity 14802K, committed 14828K, reserved 1048576K
}
Event: 1699.483 GC heap before
{Heap before GC invocations=36 (full 0):
 garbage-first heap   total 186368K, used 157102K [0x0000000080000000, 0x0000000100000000)
  region size 1024K, 39 young (39936K), 4 survivors (4096K)
 Metaspace       used 107395K, capacity 110232K, committed 110492K, reserved 1144832K
  class space    used 13758K, capacity 14804K, committed 14828K, reserved 1048576K
}
Event: 1699.566 GC heap after
{Heap after GC invocations=37 (full 0):
 garbage-first heap   total 186368K, used 122366K [0x0000000080000000, 0x0000000100000000)
  region size 1024K, 2 young (2048K), 2 survivors (2048K)
 Metaspace       used 107395K, capacity 110232K, committed 110492K, reserved 1144832K
  class space    used 13758K, capacity 14804K, committed 14828K, reserved 1048576K
}
Event: 3362.484 GC heap before
{Heap before GC invocations=37 (full 0):
 garbage-first heap   total 186368K, used 159230K [0x0000000080000000, 0x0000000100000000)
  region size 1024K, 38 young (38912K), 2 survivors (2048K)
 Metaspace       used 107433K, capacity 110296K, committed 110492K, reserved 1144832K
  class space    used 13758K, capacity 14804K, committed 14828K, reserved 1048576K
}
Event: 3362.589 GC heap after
{Heap after GC invocations=38 (full 0):
 garbage-first heap   total 186368K, used 122224K [0x0000000080000000, 0x0000000100000000)
  region size 1024K, 2 young (2048K), 2 survivors (2048K)
 Metaspace       used 107433K, capacity 110296K, committed 110492K, reserved 1144832K
  class space    used 13758K, capacity 14804K, committed 14828K, reserved 1048576K
}
Event: 3668.443 GC heap before
{Heap before GC invocations=39 (full 0):
 garbage-first heap   total 186368K, used 158064K [0x0000000080000000, 0x0000000100000000)
  region size 1024K, 38 young (38912K), 2 survivors (2048K)
 Metaspace       used 107290K, capacity 109840K, committed 110748K, reserved 1144832K
  class space    used 13678K, capacity 14624K, committed 14828K, reserved 1048576K
}
Event: 3668.482 GC heap after
{Heap after GC invocations=40 (full 0):
 garbage-first heap   total 186368K, used 125460K [0x0000000080000000, 0x0000000100000000)
  region size 1024K, 5 young (5120K), 5 survivors (5120K)
 Metaspace       used 107290K, capacity 109840K, committed 110748K, reserved 1144832K
  class space    used 13678K, capacity 14624K, committed 14828K, reserved 1048576K
}

